#
# There is insufficient memory for the Java Runtime Environment to continue.
# Native memory allocation (malloc) failed to allocate 151200 bytes for Chunk::new
# Possible reasons:
#   The system is out of physical RAM or swap space
#   The process is running with CompressedOops enabled, and the Java Heap may be blocking the growth of the native heap
# Possible solutions:
#   Reduce memory load on the system
#   Increase physical memory or swap space
#   Check if swap backing store is full
#   Decrease Java heap size (-Xmx/-Xms)
#   Decrease number of Java threads
#   Decrease Java thread stack sizes (-Xss)
#   Set larger code cache with -XX:ReservedCodeCacheSize=
#   JVM is running with Unscaled Compressed Oops mode in which the Java heap is
#     placed in the first 4GB address space. The Java Heap base address is the
#     maximum limit for the native heap growth. Please use -XX:HeapBaseMinAddress
#     to set the Java Heap base and to place the Java Heap above 4GB virtual address.
# This output file may be truncated or incomplete.
#
#  Out of Memory Error (arena.cpp:189), pid=120068, tid=126268
#
# JRE version: Java(TM) SE Runtime Environment (17.0.6+9) (build 17.0.6+9-LTS-190)
# Java VM: Java HotSpot(TM) 64-Bit Server VM (17.0.6+9-LTS-190, mixed mode, sharing, tiered, compressed oops, compressed class ptrs, g1 gc, windows-amd64)
# No core dump will be written. Minidumps are not enabled by default on client versions of Windows
#

---------------  S U M M A R Y ------------

Command Line: -Dfile.encoding=UTF-8 -XX:+ShowCodeDetailsInExceptionMessages com.jobneedsolutions.JobneedsolutionsApplication

Host: AMD Ryzen 5 5600H with Radeon Graphics         , 12 cores, 7G,  Windows 11 , 64 bit Build 22621 (10.0.22621.2428)
Time: Fri Nov  3 16:33:30 2023 India Standard Time elapsed time: 189.594981 seconds (0d 0h 3m 9s)

---------------  T H R E A D  ---------------

Current thread (0x00000280a0de2e00):  JavaThread "C2 CompilerThread0" daemon [_thread_in_native, id=126268, stack(0x0000008c54400000,0x0000008c54500000)]


Current CompileTask:
C2: 189595 7263       4       java.net.URLStreamHandler::setURL (73 bytes)

Stack: [0x0000008c54400000,0x0000008c54500000]
Native frames: (J=compiled Java code, j=interpreted, Vv=VM code, C=native code)
V  [jvm.dll+0x6734ea]
V  [jvm.dll+0x7d18f4]
V  [jvm.dll+0x7d309e]
V  [jvm.dll+0x7d3703]
V  [jvm.dll+0x2433c5]
V  [jvm.dll+0xaa46b]
V  [jvm.dll+0xaaa0c]
V  [jvm.dll+0x35eb2e]
V  [jvm.dll+0x1b986a]
V  [jvm.dll+0x215f37]
V  [jvm.dll+0x215211]
V  [jvm.dll+0x1a1730]
V  [jvm.dll+0x224b6e]
V  [jvm.dll+0x222f15]
V  [jvm.dll+0x78753c]
V  [jvm.dll+0x781a7a]
V  [jvm.dll+0x672375]
C  [ucrtbase.dll+0x29363]
C  [KERNEL32.DLL+0x1257d]
C  [ntdll.dll+0x5aa78]


---------------  P R O C E S S  ---------------

Threads class SMR info:
_java_thread_list=0x00000280a300c800, length=29, elements={
0x00000280a0dbbb50, 0x00000280a0dc07e0, 0x00000280a0dd3f30, 0x00000280a0dd47f0,
0x00000280a0dd61b0, 0x00000280a0dd6b60, 0x00000280a0de2e00, 0x00000280a0de38a0,
0x00000280a0df6e60, 0x00000280a18c1b80, 0x00000280a18f1900, 0x00000280a4412450,
0x00000280a4579820, 0x00000280a314e990, 0x00000280a314ee60, 0x00000280a42af990,
0x00000280a2dc7750, 0x00000280a2018030, 0x00000280a20171c0, 0x00000280a2018500,
0x00000280a2015010, 0x00000280a20159b0, 0x00000280a201a1e0, 0x00000280a2018ea0,
0x00000280a2016820, 0x00000280a20189d0, 0x00000280a2016cf0, 0x00000280a2014b40,
0x00000280a2013cd0
}

Java Threads: ( => current thread )
  0x00000280a0dbbb50 JavaThread "Reference Handler" daemon [_thread_blocked, id=129064, stack(0x0000008c53e00000,0x0000008c53f00000)]
  0x00000280a0dc07e0 JavaThread "Finalizer" daemon [_thread_blocked, id=115856, stack(0x0000008c53f00000,0x0000008c54000000)]
  0x00000280a0dd3f30 JavaThread "Signal Dispatcher" daemon [_thread_blocked, id=122848, stack(0x0000008c54000000,0x0000008c54100000)]
  0x00000280a0dd47f0 JavaThread "Attach Listener" daemon [_thread_blocked, id=115640, stack(0x0000008c54100000,0x0000008c54200000)]
  0x00000280a0dd61b0 JavaThread "Service Thread" daemon [_thread_blocked, id=52840, stack(0x0000008c54200000,0x0000008c54300000)]
  0x00000280a0dd6b60 JavaThread "Monitor Deflation Thread" daemon [_thread_blocked, id=127984, stack(0x0000008c54300000,0x0000008c54400000)]
=>0x00000280a0de2e00 JavaThread "C2 CompilerThread0" daemon [_thread_in_native, id=126268, stack(0x0000008c54400000,0x0000008c54500000)]
  0x00000280a0de38a0 JavaThread "C1 CompilerThread0" daemon [_thread_blocked, id=122268, stack(0x0000008c54500000,0x0000008c54600000)]
  0x00000280a0df6e60 JavaThread "Sweeper thread" daemon [_thread_blocked, id=129648, stack(0x0000008c54600000,0x0000008c54700000)]
  0x00000280a18c1b80 JavaThread "Notification Thread" daemon [_thread_blocked, id=113552, stack(0x0000008c54700000,0x0000008c54800000)]
  0x00000280a18f1900 JavaThread "Common-Cleaner" daemon [_thread_blocked, id=122936, stack(0x0000008c54900000,0x0000008c54a00000)]
  0x00000280a4412450 JavaThread "Catalina-utility-1" [_thread_blocked, id=116232, stack(0x0000008c55500000,0x0000008c55600000)]
  0x00000280a4579820 JavaThread "Catalina-utility-2" [_thread_blocked, id=123928, stack(0x0000008c55600000,0x0000008c55700000)]
  0x00000280a314e990 JavaThread "container-0" [_thread_blocked, id=109940, stack(0x0000008c55700000,0x0000008c55800000)]
  0x00000280a314ee60 JavaThread "mysql-cj-abandoned-connection-cleanup" daemon [_thread_blocked, id=117860, stack(0x0000008c55800000,0x0000008c55900000)]
  0x00000280a42af990 JavaThread "HikariPool-1 housekeeper" daemon [_thread_blocked, id=127748, stack(0x0000008c55a00000,0x0000008c55b00000)]
  0x00000280a2dc7750 JavaThread "http-nio-8080-exec-1" daemon [_thread_blocked, id=127788, stack(0x0000008c55c00000,0x0000008c55d00000)]
  0x00000280a2018030 JavaThread "http-nio-8080-exec-2" daemon [_thread_blocked, id=124440, stack(0x0000008c55d00000,0x0000008c55e00000)]
  0x00000280a20171c0 JavaThread "http-nio-8080-exec-3" daemon [_thread_blocked, id=121160, stack(0x0000008c55e00000,0x0000008c55f00000)]
  0x00000280a2018500 JavaThread "http-nio-8080-exec-4" daemon [_thread_blocked, id=113904, stack(0x0000008c55f00000,0x0000008c56000000)]
  0x00000280a2015010 JavaThread "http-nio-8080-exec-5" daemon [_thread_blocked, id=80376, stack(0x0000008c56000000,0x0000008c56100000)]
  0x00000280a20159b0 JavaThread "http-nio-8080-exec-6" daemon [_thread_in_Java, id=121880, stack(0x0000008c56100000,0x0000008c56200000)]
  0x00000280a201a1e0 JavaThread "http-nio-8080-exec-7" daemon [_thread_blocked, id=126700, stack(0x0000008c56200000,0x0000008c56300000)]
  0x00000280a2018ea0 JavaThread "http-nio-8080-exec-8" daemon [_thread_blocked, id=122976, stack(0x0000008c56300000,0x0000008c56400000)]
  0x00000280a2016820 JavaThread "http-nio-8080-exec-9" daemon [_thread_blocked, id=127764, stack(0x0000008c56400000,0x0000008c56500000)]
  0x00000280a20189d0 JavaThread "http-nio-8080-exec-10" daemon [_thread_blocked, id=116196, stack(0x0000008c56500000,0x0000008c56600000)]
  0x00000280a2016cf0 JavaThread "http-nio-8080-Poller" daemon [_thread_in_native, id=125228, stack(0x0000008c56600000,0x0000008c56700000)]
  0x00000280a2014b40 JavaThread "http-nio-8080-Acceptor" daemon [_thread_in_native, id=11124, stack(0x0000008c56700000,0x0000008c56800000)]
  0x00000280a2013cd0 JavaThread "DestroyJavaVM" [_thread_blocked, id=124884, stack(0x0000008c53700000,0x0000008c53800000)]

Other Threads:
  0x00000280a0db5b50 VMThread "VM Thread" [stack: 0x0000008c53d00000,0x0000008c53e00000] [id=128032]
  0x00000280a18e6480 WatcherThread [stack: 0x0000008c54800000,0x0000008c54900000] [id=107008]
  0x0000028082e3b5a0 GCTaskThread "GC Thread#0" [stack: 0x0000008c53800000,0x0000008c53900000] [id=125864]
  0x00000280a2291690 GCTaskThread "GC Thread#1" [stack: 0x0000008c54a00000,0x0000008c54b00000] [id=120244]
  0x00000280a233bb80 GCTaskThread "GC Thread#2" [stack: 0x0000008c54b00000,0x0000008c54c00000] [id=129732]
  0x00000280a233be30 GCTaskThread "GC Thread#3" [stack: 0x0000008c54c00000,0x0000008c54d00000] [id=128652]
  0x00000280a233e900 GCTaskThread "GC Thread#4" [stack: 0x0000008c54d00000,0x0000008c54e00000] [id=128872]
  0x00000280a233f3d0 GCTaskThread "GC Thread#5" [stack: 0x0000008c54e00000,0x0000008c54f00000] [id=126424]
  0x00000280a2b052e0 GCTaskThread "GC Thread#6" [stack: 0x0000008c55000000,0x0000008c55100000] [id=122088]
  0x00000280a258d400 GCTaskThread "GC Thread#7" [stack: 0x0000008c55100000,0x0000008c55200000] [id=118708]
  0x00000280a2856d30 GCTaskThread "GC Thread#8" [stack: 0x0000008c55200000,0x0000008c55300000] [id=119720]
  0x00000280a25db860 GCTaskThread "GC Thread#9" [stack: 0x0000008c55300000,0x0000008c55400000] [id=103412]
  0x0000028082e4b7c0 ConcurrentGCThread "G1 Main Marker" [stack: 0x0000008c53900000,0x0000008c53a00000] [id=125756]
  0x0000028082e4c1d0 ConcurrentGCThread "G1 Conc#0" [stack: 0x0000008c53a00000,0x0000008c53b00000] [id=115628]
  0x00000280a308b6e0 ConcurrentGCThread "G1 Conc#1" [stack: 0x0000008c54f00000,0x0000008c55000000] [id=117084]
  0x00000280a308b990 ConcurrentGCThread "G1 Conc#2" [stack: 0x0000008c55400000,0x0000008c55500000] [id=126504]
  0x00000280a0c724b0 ConcurrentGCThread "G1 Refine#0" [stack: 0x0000008c53b00000,0x0000008c53c00000] [id=119128]
  0x0000028082eabc00 ConcurrentGCThread "G1 Service" [stack: 0x0000008c53c00000,0x0000008c53d00000] [id=117456]

Threads with active compile tasks:
C2 CompilerThread0   189642 7263       4       java.net.URLStreamHandler::setURL (73 bytes)

VM state: not at safepoint (normal execution)

VM Mutex/Monitor currently owned by a thread: None

Heap address: 0x000000008a600000, size: 1882 MB, Compressed Oops mode: 32-bit

CDS archive(s) mapped at: [0x0000000800000000-0x0000000800bd0000-0x0000000800bd0000), size 12386304, SharedBaseAddress: 0x0000000800000000, ArchiveRelocationMode: 0.
Compressed class space mapped at: 0x0000000800c00000-0x0000000840c00000, reserved size: 1073741824
Narrow klass base: 0x0000000800000000, Narrow klass shift: 0, Narrow klass range: 0x100000000

GC Precious Log:
 CPUs: 12 total, 12 available
 Memory: 7521M
 Large Page Support: Disabled
 NUMA Support: Disabled
 Compressed Oops: Enabled (32-bit)
 Heap Region Size: 1M
 Heap Min Capacity: 8M
 Heap Initial Capacity: 118M
 Heap Max Capacity: 1882M
 Pre-touch: Disabled
 Parallel Workers: 10
 Concurrent Workers: 3
 Concurrent Refinement Workers: 10
 Periodic GC: Disabled

Heap:
 garbage-first heap   total 89088K, used 47737K [0x000000008a600000, 0x0000000100000000)
  region size 1024K, 23 young (23552K), 5 survivors (5120K)
 Metaspace       used 72968K, committed 73536K, reserved 1114112K
  class space    used 10122K, committed 10368K, reserved 1048576K

Heap Regions: E=young(eden), S=young(survivor), O=old, HS=humongous(starts), HC=humongous(continues), CS=collection set, F=free, OA=open archive, CA=closed archive, TAMS=top-at-mark-start (previous, next)
|   0|0x000000008a600000, 0x000000008a700000, 0x000000008a700000|100%|HS|  |TAMS 0x000000008a700000, 0x000000008a600000| Complete 
|   1|0x000000008a700000, 0x000000008a800000, 0x000000008a800000|100%| O|  |TAMS 0x000000008a800000, 0x000000008a700000| Untracked 
|   2|0x000000008a800000, 0x000000008a900000, 0x000000008a900000|100%| O|  |TAMS 0x000000008a900000, 0x000000008a800000| Untracked 
|   3|0x000000008a900000, 0x000000008aa00000, 0x000000008aa00000|100%| O|  |TAMS 0x000000008aa00000, 0x000000008a900000| Untracked 
|   4|0x000000008aa00000, 0x000000008ab00000, 0x000000008ab00000|100%| O|  |TAMS 0x000000008ab00000, 0x000000008aa00000| Untracked 
|   5|0x000000008ab00000, 0x000000008ac00000, 0x000000008ac00000|100%| O|  |TAMS 0x000000008ac00000, 0x000000008ab00000| Untracked 
|   6|0x000000008ac00000, 0x000000008ad00000, 0x000000008ad00000|100%| O|  |TAMS 0x000000008ad00000, 0x000000008ac00000| Untracked 
|   7|0x000000008ad00000, 0x000000008ae00000, 0x000000008ae00000|100%| O|  |TAMS 0x000000008ae00000, 0x000000008ad00000| Untracked 
|   8|0x000000008ae00000, 0x000000008af00000, 0x000000008af00000|100%| O|  |TAMS 0x000000008af00000, 0x000000008ae00000| Untracked 
|   9|0x000000008af00000, 0x000000008b000000, 0x000000008b000000|100%| O|  |TAMS 0x000000008b000000, 0x000000008af00000| Untracked 
|  10|0x000000008b000000, 0x000000008b100000, 0x000000008b100000|100%| O|  |TAMS 0x000000008b100000, 0x000000008b000000| Untracked 
|  11|0x000000008b100000, 0x000000008b200000, 0x000000008b200000|100%| O|  |TAMS 0x000000008b200000, 0x000000008b100000| Untracked 
|  12|0x000000008b200000, 0x000000008b300000, 0x000000008b300000|100%| O|  |TAMS 0x000000008b300000, 0x000000008b200000| Untracked 
|  13|0x000000008b300000, 0x000000008b400000, 0x000000008b400000|100%| O|  |TAMS 0x000000008b400000, 0x000000008b300000| Untracked 
|  14|0x000000008b400000, 0x000000008b500000, 0x000000008b500000|100%| O|  |TAMS 0x000000008b500000, 0x000000008b400000| Untracked 
|  15|0x000000008b500000, 0x000000008b600000, 0x000000008b600000|100%| O|  |TAMS 0x000000008b500000, 0x000000008b500000| Untracked 
|  16|0x000000008b600000, 0x000000008b700000, 0x000000008b700000|100%| O|  |TAMS 0x000000008b700000, 0x000000008b600000| Untracked 
|  17|0x000000008b700000, 0x000000008b800000, 0x000000008b800000|100%| O|  |TAMS 0x000000008b800000, 0x000000008b700000| Untracked 
|  18|0x000000008b800000, 0x000000008b900000, 0x000000008b900000|100%| O|  |TAMS 0x000000008b900000, 0x000000008b800000| Untracked 
|  19|0x000000008b900000, 0x000000008ba00000, 0x000000008ba00000|100%| O|  |TAMS 0x000000008ba00000, 0x000000008b900000| Untracked 
|  20|0x000000008ba00000, 0x000000008ba29400, 0x000000008bb00000| 16%| O|  |TAMS 0x000000008ba29400, 0x000000008ba00000| Untracked 
|  21|0x000000008bb00000, 0x000000008bc00000, 0x000000008bc00000|100%| O|  |TAMS 0x000000008bb00000, 0x000000008bb00000| Untracked 
|  22|0x000000008bc00000, 0x000000008bd00000, 0x000000008bd00000|100%| O|  |TAMS 0x000000008bc00000, 0x000000008bc00000| Untracked 
|  23|0x000000008bd00000, 0x000000008be00000, 0x000000008be00000|100%| O|  |TAMS 0x000000008bd00000, 0x000000008bd00000| Untracked 
|  24|0x000000008be00000, 0x000000008bf00000, 0x000000008bf00000|100%| O|  |TAMS 0x000000008be00000, 0x000000008be00000| Untracked 
|  25|0x000000008bf00000, 0x000000008c000000, 0x000000008c000000|100%| O|  |TAMS 0x000000008bf00000, 0x000000008bf00000| Untracked 
|  26|0x000000008c000000, 0x000000008c09c200, 0x000000008c100000| 60%| O|  |TAMS 0x000000008c000000, 0x000000008c000000| Untracked 
|  27|0x000000008c100000, 0x000000008c100000, 0x000000008c200000|  0%| F|  |TAMS 0x000000008c100000, 0x000000008c100000| Untracked 
|  28|0x000000008c200000, 0x000000008c200000, 0x000000008c300000|  0%| F|  |TAMS 0x000000008c200000, 0x000000008c200000| Untracked 
|  29|0x000000008c300000, 0x000000008c300000, 0x000000008c400000|  0%| F|  |TAMS 0x000000008c300000, 0x000000008c300000| Untracked 
|  30|0x000000008c400000, 0x000000008c400000, 0x000000008c500000|  0%| F|  |TAMS 0x000000008c400000, 0x000000008c400000| Untracked 
|  31|0x000000008c500000, 0x000000008c500000, 0x000000008c600000|  0%| F|  |TAMS 0x000000008c500000, 0x000000008c500000| Untracked 
|  32|0x000000008c600000, 0x000000008c600000, 0x000000008c700000|  0%| F|  |TAMS 0x000000008c600000, 0x000000008c600000| Untracked 
|  33|0x000000008c700000, 0x000000008c700000, 0x000000008c800000|  0%| F|  |TAMS 0x000000008c700000, 0x000000008c700000| Untracked 
|  34|0x000000008c800000, 0x000000008c800000, 0x000000008c900000|  0%| F|  |TAMS 0x000000008c800000, 0x000000008c800000| Untracked 
|  35|0x000000008c900000, 0x000000008c900000, 0x000000008ca00000|  0%| F|  |TAMS 0x000000008c900000, 0x000000008c900000| Untracked 
|  36|0x000000008ca00000, 0x000000008ca00000, 0x000000008cb00000|  0%| F|  |TAMS 0x000000008ca00000, 0x000000008ca00000| Untracked 
|  37|0x000000008cb00000, 0x000000008cb00000, 0x000000008cc00000|  0%| F|  |TAMS 0x000000008cb00000, 0x000000008cb00000| Untracked 
|  38|0x000000008cc00000, 0x000000008ccd8ef0, 0x000000008cd00000| 84%| S|CS|TAMS 0x000000008cc00000, 0x000000008cc00000| Complete 
|  39|0x000000008cd00000, 0x000000008ce00000, 0x000000008ce00000|100%| S|CS|TAMS 0x000000008cd00000, 0x000000008cd00000| Complete 
|  40|0x000000008ce00000, 0x000000008cf00000, 0x000000008cf00000|100%| S|CS|TAMS 0x000000008ce00000, 0x000000008ce00000| Complete 
|  41|0x000000008cf00000, 0x000000008d000000, 0x000000008d000000|100%| S|CS|TAMS 0x000000008cf00000, 0x000000008cf00000| Complete 
|  42|0x000000008d000000, 0x000000008d100000, 0x000000008d100000|100%| S|CS|TAMS 0x000000008d000000, 0x000000008d000000| Complete 
|  43|0x000000008d100000, 0x000000008d100000, 0x000000008d200000|  0%| F|  |TAMS 0x000000008d100000, 0x000000008d100000| Untracked 
|  44|0x000000008d200000, 0x000000008d200000, 0x000000008d300000|  0%| F|  |TAMS 0x000000008d200000, 0x000000008d200000| Untracked 
|  45|0x000000008d300000, 0x000000008d300000, 0x000000008d400000|  0%| F|  |TAMS 0x000000008d300000, 0x000000008d300000| Untracked 
|  46|0x000000008d400000, 0x000000008d400000, 0x000000008d500000|  0%| F|  |TAMS 0x000000008d400000, 0x000000008d400000| Untracked 
|  47|0x000000008d500000, 0x000000008d500000, 0x000000008d600000|  0%| F|  |TAMS 0x000000008d500000, 0x000000008d500000| Untracked 
|  48|0x000000008d600000, 0x000000008d600000, 0x000000008d700000|  0%| F|  |TAMS 0x000000008d600000, 0x000000008d600000| Untracked 
|  49|0x000000008d700000, 0x000000008d700000, 0x000000008d800000|  0%| F|  |TAMS 0x000000008d700000, 0x000000008d700000| Untracked 
|  50|0x000000008d800000, 0x000000008d800000, 0x000000008d900000|  0%| F|  |TAMS 0x000000008d800000, 0x000000008d800000| Untracked 
|  51|0x000000008d900000, 0x000000008d900000, 0x000000008da00000|  0%| F|  |TAMS 0x000000008d900000, 0x000000008d900000| Untracked 
|  52|0x000000008da00000, 0x000000008da00000, 0x000000008db00000|  0%| F|  |TAMS 0x000000008da00000, 0x000000008da00000| Untracked 
|  53|0x000000008db00000, 0x000000008db00000, 0x000000008dc00000|  0%| F|  |TAMS 0x000000008db00000, 0x000000008db00000| Untracked 
|  54|0x000000008dc00000, 0x000000008dc00000, 0x000000008dd00000|  0%| F|  |TAMS 0x000000008dc00000, 0x000000008dc00000| Untracked 
|  55|0x000000008dd00000, 0x000000008dd00000, 0x000000008de00000|  0%| F|  |TAMS 0x000000008dd00000, 0x000000008dd00000| Untracked 
|  56|0x000000008de00000, 0x000000008de00000, 0x000000008df00000|  0%| F|  |TAMS 0x000000008de00000, 0x000000008de00000| Untracked 
|  57|0x000000008df00000, 0x000000008df00000, 0x000000008e000000|  0%| F|  |TAMS 0x000000008df00000, 0x000000008df00000| Untracked 
|  58|0x000000008e000000, 0x000000008e000000, 0x000000008e100000|  0%| F|  |TAMS 0x000000008e000000, 0x000000008e000000| Untracked 
|  59|0x000000008e100000, 0x000000008e100000, 0x000000008e200000|  0%| F|  |TAMS 0x000000008e100000, 0x000000008e100000| Untracked 
|  60|0x000000008e200000, 0x000000008e200000, 0x000000008e300000|  0%| F|  |TAMS 0x000000008e200000, 0x000000008e200000| Untracked 
|  61|0x000000008e300000, 0x000000008e300000, 0x000000008e400000|  0%| F|  |TAMS 0x000000008e300000, 0x000000008e300000| Untracked 
|  62|0x000000008e400000, 0x000000008e400000, 0x000000008e500000|  0%| F|  |TAMS 0x000000008e400000, 0x000000008e400000| Untracked 
|  63|0x000000008e500000, 0x000000008e500000, 0x000000008e600000|  0%| F|  |TAMS 0x000000008e500000, 0x000000008e500000| Untracked 
|  64|0x000000008e600000, 0x000000008e600000, 0x000000008e700000|  0%| F|  |TAMS 0x000000008e600000, 0x000000008e600000| Untracked 
|  65|0x000000008e700000, 0x000000008e700000, 0x000000008e800000|  0%| F|  |TAMS 0x000000008e700000, 0x000000008e700000| Untracked 
|  66|0x000000008e800000, 0x000000008e800000, 0x000000008e900000|  0%| F|  |TAMS 0x000000008e800000, 0x000000008e800000| Untracked 
|  67|0x000000008e900000, 0x000000008e900000, 0x000000008ea00000|  0%| F|  |TAMS 0x000000008e900000, 0x000000008e900000| Untracked 
|  68|0x000000008ea00000, 0x000000008ea00000, 0x000000008eb00000|  0%| F|  |TAMS 0x000000008ea00000, 0x000000008ea00000| Untracked 
|  69|0x000000008eb00000, 0x000000008eb6bfb8, 0x000000008ec00000| 42%| E|  |TAMS 0x000000008eb00000, 0x000000008eb00000| Complete 
|  70|0x000000008ec00000, 0x000000008ed00000, 0x000000008ed00000|100%| E|CS|TAMS 0x000000008ec00000, 0x000000008ec00000| Complete 
|  71|0x000000008ed00000, 0x000000008ee00000, 0x000000008ee00000|100%| E|CS|TAMS 0x000000008ed00000, 0x000000008ed00000| Complete 
|  72|0x000000008ee00000, 0x000000008ef00000, 0x000000008ef00000|100%| E|CS|TAMS 0x000000008ee00000, 0x000000008ee00000| Complete 
|  73|0x000000008ef00000, 0x000000008f000000, 0x000000008f000000|100%| E|CS|TAMS 0x000000008ef00000, 0x000000008ef00000| Complete 
|  74|0x000000008f000000, 0x000000008f100000, 0x000000008f100000|100%| E|CS|TAMS 0x000000008f000000, 0x000000008f000000| Complete 
|  75|0x000000008f100000, 0x000000008f200000, 0x000000008f200000|100%| E|CS|TAMS 0x000000008f100000, 0x000000008f100000| Complete 
|  76|0x000000008f200000, 0x000000008f300000, 0x000000008f300000|100%| E|CS|TAMS 0x000000008f200000, 0x000000008f200000| Complete 
|  77|0x000000008f300000, 0x000000008f400000, 0x000000008f400000|100%| E|CS|TAMS 0x000000008f300000, 0x000000008f300000| Complete 
|  78|0x000000008f400000, 0x000000008f500000, 0x000000008f500000|100%| E|CS|TAMS 0x000000008f400000, 0x000000008f400000| Complete 
|  79|0x000000008f500000, 0x000000008f600000, 0x000000008f600000|100%| E|CS|TAMS 0x000000008f500000, 0x000000008f500000| Complete 
|  80|0x000000008f600000, 0x000000008f700000, 0x000000008f700000|100%| E|CS|TAMS 0x000000008f600000, 0x000000008f600000| Complete 
|  81|0x000000008f700000, 0x000000008f800000, 0x000000008f800000|100%| E|CS|TAMS 0x000000008f700000, 0x000000008f700000| Complete 
|  82|0x000000008f800000, 0x000000008f900000, 0x000000008f900000|100%| E|CS|TAMS 0x000000008f800000, 0x000000008f800000| Complete 
|  83|0x000000008f900000, 0x000000008fa00000, 0x000000008fa00000|100%| E|CS|TAMS 0x000000008f900000, 0x000000008f900000| Complete 
|  84|0x000000008fa00000, 0x000000008fb00000, 0x000000008fb00000|100%| E|  |TAMS 0x000000008fa00000, 0x000000008fa00000| Complete 
|  85|0x000000008fb00000, 0x000000008fc00000, 0x000000008fc00000|100%| E|CS|TAMS 0x000000008fb00000, 0x000000008fb00000| Complete 
| 117|0x0000000091b00000, 0x0000000091c00000, 0x0000000091c00000|100%| E|CS|TAMS 0x0000000091b00000, 0x0000000091b00000| Complete 

Card table byte_map: [0x0000028099f60000,0x000002809a310000] _byte_map_base: 0x0000028099b0d000

Marking Bits (Prev, Next): (CMBitMap*) 0x0000028082e3bbf0, (CMBitMap*) 0x0000028082e3bbb0
 Prev Bits: [0x000002809c430000, 0x000002809e198000)
 Next Bits: [0x000002809a6c0000, 0x000002809c428000)

Polling page: 0x00000280825b0000

Metaspace:

Usage:
  Non-class:     61.37 MB used.
      Class:      9.89 MB used.
       Both:     71.26 MB used.

Virtual space:
  Non-class space:       64.00 MB reserved,      61.69 MB ( 96%) committed,  8 nodes.
      Class space:        1.00 GB reserved,      10.12 MB ( <1%) committed,  1 nodes.
             Both:        1.06 GB reserved,      71.81 MB (  7%) committed. 

Chunk freelists:
   Non-Class:  1.85 MB
       Class:  1.82 MB
        Both:  3.67 MB

MaxMetaspaceSize: unlimited
CompressedClassSpaceSize: 1.00 GB
Initial GC threshold: 21.00 MB
Current GC threshold: 98.12 MB
CDS: on
MetaspaceReclaimPolicy: balanced
 - commit_granule_bytes: 65536.
 - commit_granule_words: 8192.
 - virtual_space_node_default_size: 1048576.
 - enlarge_chunks_in_place: 1.
 - new_chunks_are_fully_committed: 0.
 - uncommit_free_chunks: 1.
 - use_allocation_guard: 0.
 - handle_deallocations: 1.


Internal statistics:

num_allocs_failed_limit: 9.
num_arena_births: 796.
num_arena_deaths: 0.
num_vsnodes_births: 9.
num_vsnodes_deaths: 0.
num_space_committed: 1149.
num_space_uncommitted: 0.
num_chunks_returned_to_freelist: 9.
num_chunks_taken_from_freelist: 3369.
num_chunk_merges: 9.
num_chunk_splits: 2441.
num_chunks_enlarged: 1921.
num_purges: 0.
num_inconsistent_stats: 0.

CodeHeap 'non-profiled nmethods': size=120000Kb used=3158Kb max_used=3158Kb free=116841Kb
 bounds [0x0000028092130000, 0x0000028092450000, 0x0000028099660000]
CodeHeap 'profiled nmethods': size=120000Kb used=11223Kb max_used=12383Kb free=108776Kb
 bounds [0x000002808a660000, 0x000002808b280000, 0x0000028091b90000]
CodeHeap 'non-nmethods': size=5760Kb used=1371Kb max_used=1418Kb free=4388Kb
 bounds [0x0000028091b90000, 0x0000028091e00000, 0x0000028092130000]
 total_blobs=7034 nmethods=6325 adapters=620
 compilation: enabled
              stopped_count=0, restarted_count=0
 full_count=0

Compilation events (20 events):
Event: 182.945 Thread 0x00000280a0de38a0 nmethod 7253 0x000002808a997a10 code [0x000002808a997c60, 0x000002808a998798]
Event: 189.330 Thread 0x00000280a0de2e00 7254   !   4       org.apache.tomcat.util.http.parser.HttpParser::isControl (9 bytes)
Event: 189.331 Thread 0x00000280a0de38a0 7255       3       org.apache.coyote.http11.Http11InputBuffer::parseHeader (1001 bytes)
Event: 189.332 Thread 0x00000280a0de2e00 nmethod 7254 0x0000028092444f10 code [0x0000028092445080, 0x00000280924450f8]
Event: 189.341 Thread 0x00000280a0de38a0 nmethod 7255 0x000002808b11b290 code [0x000002808b11b820, 0x000002808b11e5d8]
Event: 189.341 Thread 0x00000280a0de38a0 7256       1       org.apache.tomcat.util.http.parser.HttpParser$DomainParseState::mayContinue (5 bytes)
Event: 189.341 Thread 0x00000280a0de38a0 nmethod 7256 0x0000028092445210 code [0x00000280924453a0, 0x0000028092445478]
Event: 189.356 Thread 0x00000280a0de2e00 7257       4       jdk.internal.loader.URLClassPath$JarLoader$2::getCodeSigners (8 bytes)
Event: 189.365 Thread 0x00000280a0de2e00 nmethod 7257 0x0000028092445510 code [0x00000280924456a0, 0x0000028092445868]
Event: 189.418 Thread 0x00000280a0de38a0 7258       3       sun.nio.cs.ThreadLocalCoders$Cache::forName (108 bytes)
Event: 189.420 Thread 0x00000280a0de38a0 nmethod 7258 0x000002808a835210 code [0x000002808a835440, 0x000002808a835e98]
Event: 189.420 Thread 0x00000280a0de38a0 7259       3       org.apache.catalina.connector.ResponseFacade::checkFacade (24 bytes)
Event: 189.421 Thread 0x00000280a0de38a0 nmethod 7259 0x000002808af13810 code [0x000002808af139c0, 0x000002808af13c18]
Event: 189.536 Thread 0x00000280a0de38a0 7260       3       java.util.regex.Pattern$BitClass::add (97 bytes)
Event: 189.538 Thread 0x00000280a0de38a0 nmethod 7260 0x000002808ab94c90 code [0x000002808ab94ee0, 0x000002808ab95838]
Event: 189.538 Thread 0x00000280a0de38a0 7261       3       java.util.regex.Pattern::createGroup (86 bytes)
Event: 189.538 Thread 0x00000280a0de38a0 nmethod 7261 0x000002808accd890 code [0x000002808accda80, 0x000002808acce2b8]
Event: 189.538 Thread 0x00000280a0de38a0 7262       3       java.util.regex.Pattern$GroupHead::<init> (10 bytes)
Event: 189.538 Thread 0x00000280a0de38a0 nmethod 7262 0x000002808a698e90 code [0x000002808a699040, 0x000002808a699278]
Event: 189.559 Thread 0x00000280a0de2e00 7263       4       java.net.URLStreamHandler::setURL (73 bytes)

GC Heap History (20 events):
Event: 2.742 GC heap before
{Heap before GC invocations=5 (full 0):
 garbage-first heap   total 48128K, used 16578K [0x000000008a600000, 0x0000000100000000)
  region size 1024K, 4 young (4096K), 3 survivors (3072K)
 Metaspace       used 26649K, committed 27072K, reserved 1073152K
  class space    used 3380K, committed 3584K, reserved 1048576K
}
Event: 2.747 GC heap after
{Heap after GC invocations=6 (full 0):
 garbage-first heap   total 48128K, used 16474K [0x000000008a600000, 0x0000000100000000)
  region size 1024K, 1 young (1024K), 1 survivors (1024K)
 Metaspace       used 26649K, committed 27072K, reserved 1073152K
  class space    used 3380K, committed 3584K, reserved 1048576K
}
Event: 3.022 GC heap before
{Heap before GC invocations=6 (full 0):
 garbage-first heap   total 48128K, used 34906K [0x000000008a600000, 0x0000000100000000)
  region size 1024K, 19 young (19456K), 1 survivors (1024K)
 Metaspace       used 30329K, committed 30720K, reserved 1081344K
  class space    used 3894K, committed 4096K, reserved 1048576K
}
Event: 3.023 GC heap after
{Heap after GC invocations=7 (full 0):
 garbage-first heap   total 48128K, used 16933K [0x000000008a600000, 0x0000000100000000)
  region size 1024K, 2 young (2048K), 2 survivors (2048K)
 Metaspace       used 30329K, committed 30720K, reserved 1081344K
  class space    used 3894K, committed 4096K, reserved 1048576K
}
Event: 3.346 GC heap before
{Heap before GC invocations=7 (full 0):
 garbage-first heap   total 48128K, used 34341K [0x000000008a600000, 0x0000000100000000)
  region size 1024K, 20 young (20480K), 2 survivors (2048K)
 Metaspace       used 35564K, committed 35968K, reserved 1081344K
  class space    used 4634K, committed 4864K, reserved 1048576K
}
Event: 3.347 GC heap after
{Heap after GC invocations=8 (full 0):
 garbage-first heap   total 48128K, used 18118K [0x000000008a600000, 0x0000000100000000)
  region size 1024K, 3 young (3072K), 3 survivors (3072K)
 Metaspace       used 35564K, committed 35968K, reserved 1081344K
  class space    used 4634K, committed 4864K, reserved 1048576K
}
Event: 3.806 GC heap before
{Heap before GC invocations=9 (full 0):
 garbage-first heap   total 48128K, used 34502K [0x000000008a600000, 0x0000000100000000)
  region size 1024K, 20 young (20480K), 3 survivors (3072K)
 Metaspace       used 43180K, committed 43584K, reserved 1089536K
  class space    used 5641K, committed 5824K, reserved 1048576K
}
Event: 3.808 GC heap after
{Heap after GC invocations=10 (full 0):
 garbage-first heap   total 92160K, used 19901K [0x000000008a600000, 0x0000000100000000)
  region size 1024K, 3 young (3072K), 3 survivors (3072K)
 Metaspace       used 43180K, committed 43584K, reserved 1089536K
  class space    used 5641K, committed 5824K, reserved 1048576K
}
Event: 3.819 GC heap before
{Heap before GC invocations=10 (full 0):
 garbage-first heap   total 92160K, used 19901K [0x000000008a600000, 0x0000000100000000)
  region size 1024K, 4 young (4096K), 3 survivors (3072K)
 Metaspace       used 43324K, committed 43712K, reserved 1089536K
  class space    used 5654K, committed 5824K, reserved 1048576K
}
Event: 3.822 GC heap after
{Heap after GC invocations=11 (full 0):
 garbage-first heap   total 92160K, used 20128K [0x000000008a600000, 0x0000000100000000)
  region size 1024K, 1 young (1024K), 1 survivors (1024K)
 Metaspace       used 43324K, committed 43712K, reserved 1089536K
  class space    used 5654K, committed 5824K, reserved 1048576K
}
Event: 4.610 GC heap before
{Heap before GC invocations=11 (full 0):
 garbage-first heap   total 92160K, used 66208K [0x000000008a600000, 0x0000000100000000)
  region size 1024K, 46 young (47104K), 1 survivors (1024K)
 Metaspace       used 54153K, committed 54656K, reserved 1097728K
  class space    used 7293K, committed 7552K, reserved 1048576K
}
Event: 4.612 GC heap after
{Heap after GC invocations=12 (full 0):
 garbage-first heap   total 92160K, used 21919K [0x000000008a600000, 0x0000000100000000)
  region size 1024K, 3 young (3072K), 3 survivors (3072K)
 Metaspace       used 54153K, committed 54656K, reserved 1097728K
  class space    used 7293K, committed 7552K, reserved 1048576K
}
Event: 5.652 GC heap before
{Heap before GC invocations=12 (full 0):
 garbage-first heap   total 92160K, used 57759K [0x000000008a600000, 0x0000000100000000)
  region size 1024K, 39 young (39936K), 3 survivors (3072K)
 Metaspace       used 59665K, committed 60160K, reserved 1105920K
  class space    used 8045K, committed 8320K, reserved 1048576K
}
Event: 5.655 GC heap after
{Heap after GC invocations=13 (full 0):
 garbage-first heap   total 92160K, used 24602K [0x000000008a600000, 0x0000000100000000)
  region size 1024K, 5 young (5120K), 5 survivors (5120K)
 Metaspace       used 59665K, committed 60160K, reserved 1105920K
  class space    used 8045K, committed 8320K, reserved 1048576K
}
Event: 5.918 GC heap before
{Heap before GC invocations=14 (full 0):
 garbage-first heap   total 89088K, used 69658K [0x000000008a600000, 0x0000000100000000)
  region size 1024K, 49 young (50176K), 5 survivors (5120K)
 Metaspace       used 61529K, committed 62080K, reserved 1105920K
  class space    used 8419K, committed 8640K, reserved 1048576K
}
Event: 5.923 GC heap after
{Heap after GC invocations=15 (full 0):
 garbage-first heap   total 89088K, used 26455K [0x000000008a600000, 0x0000000100000000)
  region size 1024K, 5 young (5120K), 5 survivors (5120K)
 Metaspace       used 61529K, committed 62080K, reserved 1105920K
  class space    used 8419K, committed 8640K, reserved 1048576K
}
Event: 6.150 GC heap before
{Heap before GC invocations=15 (full 0):
 garbage-first heap   total 89088K, used 67415K [0x000000008a600000, 0x0000000100000000)
  region size 1024K, 45 young (46080K), 5 survivors (5120K)
 Metaspace       used 64163K, committed 64704K, reserved 1105920K
  class space    used 8969K, committed 9216K, reserved 1048576K
}
Event: 6.154 GC heap after
{Heap after GC invocations=16 (full 0):
 garbage-first heap   total 89088K, used 28208K [0x000000008a600000, 0x0000000100000000)
  region size 1024K, 4 young (4096K), 4 survivors (4096K)
 Metaspace       used 64163K, committed 64704K, reserved 1105920K
  class space    used 8969K, committed 9216K, reserved 1048576K
}
Event: 13.963 GC heap before
{Heap before GC invocations=16 (full 0):
 garbage-first heap   total 89088K, used 69168K [0x000000008a600000, 0x0000000100000000)
  region size 1024K, 44 young (45056K), 4 survivors (4096K)
 Metaspace       used 69195K, committed 69760K, reserved 1114112K
  class space    used 9636K, committed 9920K, reserved 1048576K
}
Event: 13.968 GC heap after
{Heap after GC invocations=17 (full 0):
 garbage-first heap   total 89088K, used 31353K [0x000000008a600000, 0x0000000100000000)
  region size 1024K, 5 young (5120K), 5 survivors (5120K)
 Metaspace       used 69195K, committed 69760K, reserved 1114112K
  class space    used 9636K, committed 9920K, reserved 1048576K
}

Deoptimization events (20 events):
Event: 6.553 Thread 0x0000028082de40f0 Uncommon trap: trap_request=0xffffff45 fr.pc=0x000002809218dc60 relative=0x0000000000000060
Event: 6.553 Thread 0x0000028082de40f0 Uncommon trap: reason=unstable_if action=reinterpret pc=0x000002809218dc60 method=org.springframework.util.ConcurrentReferenceHashMap$Segment.clear()V @ 7 c2
Event: 6.553 Thread 0x0000028082de40f0 DEOPT PACKING pc=0x000002809218dc60 sp=0x0000008c537fecd0
Event: 6.553 Thread 0x0000028082de40f0 DEOPT UNPACKING pc=0x0000028091be23a3 sp=0x0000008c537fec60 mode 2
Event: 7.817 Thread 0x00000280a314ee60 Uncommon trap: trap_request=0xffffff45 fr.pc=0x00000280922b7ddc relative=0x00000000000038bc
Event: 7.817 Thread 0x00000280a314ee60 Uncommon trap: reason=unstable_if action=reinterpret pc=0x00000280922b7ddc method=java.net.URL.<init>(Ljava/net/URL;Ljava/lang/String;Ljava/net/URLStreamHandler;)V @ 57 c2
Event: 7.817 Thread 0x00000280a314ee60 DEOPT PACKING pc=0x00000280922b7ddc sp=0x0000008c558ff0d0
Event: 7.817 Thread 0x00000280a314ee60 DEOPT UNPACKING pc=0x0000028091be23a3 sp=0x0000008c558ff080 mode 2
Event: 18.287 Thread 0x00000280a20171c0 Uncommon trap: trap_request=0xffffff45 fr.pc=0x00000280921cdbe4 relative=0x00000000000004a4
Event: 18.287 Thread 0x00000280a20171c0 Uncommon trap: reason=unstable_if action=reinterpret pc=0x00000280921cdbe4 method=java.util.IdentityHashMap.maskNull(Ljava/lang/Object;)Ljava/lang/Object; @ 1 c2
Event: 18.287 Thread 0x00000280a20171c0 DEOPT PACKING pc=0x00000280921cdbe4 sp=0x0000008c55efd4c0
Event: 18.287 Thread 0x00000280a20171c0 DEOPT UNPACKING pc=0x0000028091be23a3 sp=0x0000008c55efd430 mode 2
Event: 25.423 Thread 0x00000280a2018500 Uncommon trap: trap_request=0xffffff45 fr.pc=0x00000280921e6ea8 relative=0x0000000000000648
Event: 25.423 Thread 0x00000280a2018500 Uncommon trap: reason=unstable_if action=reinterpret pc=0x00000280921e6ea8 method=org.springframework.core.ResolvableType.resolveType()Lorg/springframework/core/ResolvableType; @ 40 c2
Event: 25.423 Thread 0x00000280a2018500 DEOPT PACKING pc=0x00000280921e6ea8 sp=0x0000008c55ffd710
Event: 25.423 Thread 0x00000280a2018500 DEOPT UNPACKING pc=0x0000028091be23a3 sp=0x0000008c55ffd658 mode 2
Event: 45.368 Thread 0x00000280a20159b0 DEOPT PACKING pc=0x000002808ae349c3 sp=0x0000008c561f9090
Event: 45.368 Thread 0x00000280a20159b0 DEOPT UNPACKING pc=0x0000028091be2b43 sp=0x0000008c561f8528 mode 0
Event: 156.560 Thread 0x00000280a2015010 DEOPT PACKING pc=0x000002808aef1c42 sp=0x0000008c560f8e10
Event: 156.561 Thread 0x00000280a2015010 DEOPT UNPACKING pc=0x0000028091be2b43 sp=0x0000008c560f82d0 mode 0

Classes unloaded (0 events):
No events

Classes redefined (0 events):
No events

Internal exceptions (20 events):
Event: 6.157 Thread 0x0000028082de40f0 Exception <a 'java/lang/reflect/InvocationTargetException'{0x0000000091b72938}> (0x0000000091b72938) 
thrown [s\open\src\hotspot\share\runtime\reflection.cpp, line 1121]
Event: 6.190 Thread 0x0000028082de40f0 Exception <a 'java/lang/reflect/InvocationTargetException'{0x000000008f435640}> (0x000000008f435640) 
thrown [s\open\src\hotspot\share\runtime\reflection.cpp, line 1121]
Event: 6.286 Thread 0x0000028082de40f0 Exception <a 'sun/nio/fs/WindowsException'{0x000000008ef1d960}> (0x000000008ef1d960) 
thrown [s\open\src\hotspot\share\prims\jni.cpp, line 516]
Event: 6.337 Thread 0x0000028082de40f0 Exception <a 'java/lang/NoSuchMethodError'{0x000000008ecbe910}: 'void java.lang.invoke.DirectMethodHandle$Holder.invokeVirtual(java.lang.Object, java.lang.Object, long)'> (0x000000008ecbe910) 
thrown [s\open\src\hotspot\share\interpreter\linkResolver.cpp, line 759]
Event: 6.444 Thread 0x0000028082de40f0 Exception <a 'java/lang/IncompatibleClassChangeError'{0x000000008e6e7568}: Found class java.lang.Object, but interface was expected> (0x000000008e6e7568) 
thrown [s\open\src\hotspot\share\interpreter\linkResolver.cpp, line 826]
Event: 6.480 Thread 0x0000028082de40f0 Implicit null exception at 0x000002809224623a to 0x0000028092246428
Event: 6.516 Thread 0x0000028082de40f0 Exception <a 'java/lang/NoSuchMethodError'{0x000000008df11150}: 'java.lang.Object java.lang.invoke.DirectMethodHandle$Holder.newInvokeSpecial(java.lang.Object, java.lang.Object, int, java.lang.Object, java.lang.Object)'> (0x000000008df11150) 
thrown [s\open\src\hotspot\share\interpreter\linkResolver.cpp, line 759]
Event: 6.517 Thread 0x0000028082de40f0 Exception <a 'java/lang/NoSuchMethodError'{0x000000008df1c6d0}: 'java.lang.Object java.lang.invoke.DirectMethodHandle$Holder.invokeSpecial(java.lang.Object, java.lang.Object, int, java.lang.Object, int, java.lang.Object)'> (0x000000008df1c6d0) 
thrown [s\open\src\hotspot\share\interpreter\linkResolver.cpp, line 759]
Event: 6.517 Thread 0x0000028082de40f0 Exception <a 'java/lang/NoSuchMethodError'{0x000000008df244d8}: 'java.lang.Object java.lang.invoke.DirectMethodHandle$Holder.newInvokeSpecial(java.lang.Object, java.lang.Object, int, java.lang.Object, int)'> (0x000000008df244d8) 
thrown [s\open\src\hotspot\share\interpreter\linkResolver.cpp, line 759]
Event: 6.517 Thread 0x0000028082de40f0 Exception <a 'java/lang/NoSuchMethodError'{0x000000008df285d8}: 'java.lang.Object java.lang.invoke.DirectMethodHandle$Holder.invokeSpecial(java.lang.Object, java.lang.Object, java.lang.Object, int, java.lang.Object, int)'> (0x000000008df285d8) 
thrown [s\open\src\hotspot\share\interpreter\linkResolver.cpp, line 759]
Event: 13.822 Thread 0x00000280a2dc7750 Exception <a 'java/lang/NoSuchMethodError'{0x000000008da41148}: 'java.lang.Object java.lang.invoke.DirectMethodHandle$Holder.invokeSpecial(java.lang.Object, java.lang.Object, java.lang.Object, java.lang.Object, java.lang.Object, long)'> (0x000000008da41148) 
thrown [s\open\src\hotspot\share\interpreter\linkResolver.cpp, line 759]
Event: 13.822 Thread 0x00000280a2dc7750 Exception <a 'java/lang/NoSuchMethodError'{0x000000008da44b88}: 'java.lang.Object java.lang.invoke.Invokers$Holder.linkToTargetMethod(java.lang.Object, java.lang.Object, java.lang.Object, long, java.lang.Object)'> (0x000000008da44b88) 
thrown [s\open\src\hotspot\share\interpreter\linkResolver.cpp, line 759]
Event: 14.054 Thread 0x00000280a2dc7750 Exception <a 'java/lang/NoSuchMethodError'{0x000000008f9feff0}: 'void java.lang.invoke.DirectMethodHandle$Holder.invokeSpecialIFC(java.lang.Object, java.lang.Object, int, java.lang.Object, java.lang.Object, java.lang.Object, java.lang.Object)'> (0x000000008f9feff0) 
thrown [s\open\src\hotspot\share\interpreter\linkResolver.cpp, line 759]
Event: 14.168 Thread 0x00000280a2dc7750 Exception <a 'java/lang/NoSuchMethodError'{0x000000008f5fec28}: 'int java.lang.invoke.DirectMethodHandle$Holder.invokeStatic(java.lang.Object, java.lang.Object, int, int)'> (0x000000008f5fec28) 
thrown [s\open\src\hotspot\share\interpreter\linkResolver.cpp, line 759]
Event: 18.224 Thread 0x00000280a20171c0 Exception <a 'java/lang/NoSuchMethodError'{0x000000008f33eae0}: 'java.lang.Object java.lang.invoke.DirectMethodHandle$Holder.invokeInterface(java.lang.Object, java.lang.Object, java.lang.Object, java.lang.Object)'> (0x000000008f33eae0) 
thrown [s\open\src\hotspot\share\interpreter\linkResolver.cpp, line 759]
Event: 18.287 Thread 0x00000280a20171c0 Implicit null exception at 0x00000280921cd77e to 0x00000280921cdbd0
Event: 33.683 Thread 0x00000280a2015010 Exception <a 'java/lang/reflect/InvocationTargetException'{0x000000008f0c2508}> (0x000000008f0c2508) 
thrown [s\open\src\hotspot\share\runtime\reflection.cpp, line 1121]
Event: 45.382 Thread 0x00000280a20159b0 Exception <a 'java/lang/reflect/InvocationTargetException'{0x000000008ee6b918}> (0x000000008ee6b918) 
thrown [s\open\src\hotspot\share\runtime\reflection.cpp, line 1121]
Event: 91.856 Thread 0x00000280a2016820 Exception <a 'java/lang/reflect/InvocationTargetException'{0x000000008ed0ad10}> (0x000000008ed0ad10) 
thrown [s\open\src\hotspot\share\runtime\reflection.cpp, line 1121]
Event: 100.881 Thread 0x00000280a2018030 Exception <a 'java/lang/reflect/InvocationTargetException'{0x000000008edadda0}> (0x000000008edadda0) 
thrown [s\open\src\hotspot\share\runtime\reflection.cpp, line 1121]

VM Operations (20 events):
Event: 100.957 Executing VM operation: Cleanup
Event: 100.957 Executing VM operation: Cleanup done
Event: 113.051 Executing VM operation: Cleanup
Event: 113.051 Executing VM operation: Cleanup done
Event: 114.060 Executing VM operation: Cleanup
Event: 114.060 Executing VM operation: Cleanup done
Event: 136.250 Executing VM operation: Cleanup
Event: 136.251 Executing VM operation: Cleanup done
Event: 139.278 Executing VM operation: Cleanup
Event: 139.279 Executing VM operation: Cleanup done
Event: 152.405 Executing VM operation: Cleanup
Event: 152.405 Executing VM operation: Cleanup done
Event: 156.441 Executing VM operation: Cleanup
Event: 156.442 Executing VM operation: Cleanup done
Event: 157.455 Executing VM operation: Cleanup
Event: 157.455 Executing VM operation: Cleanup done
Event: 168.544 Executing VM operation: Cleanup
Event: 168.544 Executing VM operation: Cleanup done
Event: 183.667 Executing VM operation: Cleanup
Event: 183.668 Executing VM operation: Cleanup done

Events (20 events):
Event: 33.662 loading class java/io/ObjectStreamClass$Caches$2
Event: 33.662 loading class java/io/ObjectStreamClass$Caches$2 done
Event: 33.662 loading class java/io/ClassCache$CacheRef
Event: 33.662 loading class java/io/ClassCache$CacheRef done
Event: 33.662 loading class java/io/ObjectStreamClass$2
Event: 33.663 loading class java/io/ObjectStreamClass$2 done
Event: 33.663 loading class jdk/internal/reflect/UnsafeQualifiedStaticLongFieldAccessorImpl
Event: 33.663 loading class jdk/internal/reflect/UnsafeQualifiedStaticLongFieldAccessorImpl done
Event: 33.663 loading class jdk/internal/reflect/SerializationConstructorAccessorImpl
Event: 33.664 loading class jdk/internal/reflect/SerializationConstructorAccessorImpl done
Event: 33.664 loading class java/io/ObjectStreamClass$FieldReflectorKey
Event: 33.664 loading class java/io/ObjectStreamClass$FieldReflectorKey done
Event: 33.664 loading class java/io/ObjectStreamClass$FieldReflector
Event: 33.664 loading class java/io/ObjectStreamClass$FieldReflector done
Event: 33.665 loading class java/io/ObjectStreamClass$ClassDataSlot
Event: 33.665 loading class java/io/ObjectStreamClass$ClassDataSlot done
Event: 33.665 loading class java/io/SerialCallbackContext
Event: 33.665 loading class java/io/SerialCallbackContext done
Event: 33.691 loading class jdk/internal/loader/BootLoader$PackageHelper
Event: 33.691 loading class jdk/internal/loader/BootLoader$PackageHelper done


Dynamic libraries:
0x00007ff64b8d0000 - 0x00007ff64b8e0000 	C:\Program Files\Java\jdk-17\bin\javaw.exe
0x00007ff9b41b0000 - 0x00007ff9b43c7000 	C:\WINDOWS\SYSTEM32\ntdll.dll
0x00007ff9b2a70000 - 0x00007ff9b2b34000 	C:\WINDOWS\System32\KERNEL32.DLL
0x00007ff9b1530000 - 0x00007ff9b18d6000 	C:\WINDOWS\System32\KERNELBASE.dll
0x00007ff9b19a0000 - 0x00007ff9b1ab1000 	C:\WINDOWS\System32\ucrtbase.dll
0x00007ff99c230000 - 0x00007ff99c24b000 	C:\Program Files\Java\jdk-17\bin\VCRUNTIME140.dll
0x00007ff99ef90000 - 0x00007ff99efa8000 	C:\Program Files\Java\jdk-17\bin\jli.dll
0x00007ff9b2c30000 - 0x00007ff9b2ce0000 	C:\WINDOWS\System32\ADVAPI32.dll
0x00007ff9b3740000 - 0x00007ff9b37e7000 	C:\WINDOWS\System32\msvcrt.dll
0x00007ff9b2b40000 - 0x00007ff9b2be6000 	C:\WINDOWS\System32\sechost.dll
0x00007ff9b4050000 - 0x00007ff9b4167000 	C:\WINDOWS\System32\RPCRT4.dll
0x00007ff9b2d90000 - 0x00007ff9b2f3d000 	C:\WINDOWS\System32\USER32.dll
0x00007ff9945c0000 - 0x00007ff994853000 	C:\WINDOWS\WinSxS\amd64_microsoft.windows.common-controls_6595b64144ccf1df_6.0.22621.2361_none_2712ced57382f843\COMCTL32.dll
0x00007ff9b1b40000 - 0x00007ff9b1b66000 	C:\WINDOWS\System32\win32u.dll
0x00007ff9b35b0000 - 0x00007ff9b35d9000 	C:\WINDOWS\System32\GDI32.dll
0x00007ff9b1b70000 - 0x00007ff9b1c88000 	C:\WINDOWS\System32\gdi32full.dll
0x00007ff9b1d00000 - 0x00007ff9b1d9a000 	C:\WINDOWS\System32\msvcp_win.dll
0x00007ff9a7830000 - 0x00007ff9a783a000 	C:\WINDOWS\SYSTEM32\VERSION.dll
0x00007ff9b2bf0000 - 0x00007ff9b2c21000 	C:\WINDOWS\System32\IMM32.DLL
0x00007ff99c300000 - 0x00007ff99c30c000 	C:\Program Files\Java\jdk-17\bin\vcruntime140_1.dll
0x00007ff97e580000 - 0x00007ff97e60e000 	C:\Program Files\Java\jdk-17\bin\msvcp140.dll
0x00007ff9332f0000 - 0x00007ff933ec7000 	C:\Program Files\Java\jdk-17\bin\server\jvm.dll
0x00007ff9b2a60000 - 0x00007ff9b2a68000 	C:\WINDOWS\System32\PSAPI.DLL
0x00007ff9a8cf0000 - 0x00007ff9a8d24000 	C:\WINDOWS\SYSTEM32\WINMM.dll
0x00007ff991310000 - 0x00007ff991319000 	C:\WINDOWS\SYSTEM32\WSOCK32.dll
0x00007ff9b2d00000 - 0x00007ff9b2d71000 	C:\WINDOWS\System32\WS2_32.dll
0x00007ff9b04d0000 - 0x00007ff9b04e8000 	C:\WINDOWS\SYSTEM32\kernel.appcore.dll
0x00007ff9aceb0000 - 0x00007ff9aceba000 	C:\Program Files\Java\jdk-17\bin\jimage.dll
0x00007ff99dcf0000 - 0x00007ff99df1e000 	C:\WINDOWS\SYSTEM32\DBGHELP.DLL
0x00007ff9b2f60000 - 0x00007ff9b32ea000 	C:\WINDOWS\System32\combase.dll
0x00007ff9b1f10000 - 0x00007ff9b1fe7000 	C:\WINDOWS\System32\OLEAUT32.dll
0x00007ff9910d0000 - 0x00007ff991102000 	C:\WINDOWS\SYSTEM32\dbgcore.DLL
0x00007ff9b1ac0000 - 0x00007ff9b1b3a000 	C:\WINDOWS\System32\bcryptPrimitives.dll
0x00007ff99bb60000 - 0x00007ff99bb85000 	C:\Program Files\Java\jdk-17\bin\java.dll
0x00007ff984c90000 - 0x00007ff984d67000 	C:\Program Files\Java\jdk-17\bin\jsvml.dll
0x00007ff9b37f0000 - 0x00007ff9b4048000 	C:\WINDOWS\System32\SHELL32.dll
0x00007ff9af440000 - 0x00007ff9afd32000 	C:\WINDOWS\SYSTEM32\windows.storage.dll
0x00007ff9af300000 - 0x00007ff9af43e000 	C:\WINDOWS\SYSTEM32\wintypes.dll
0x00007ff9b1ff0000 - 0x00007ff9b20e3000 	C:\WINDOWS\System32\SHCORE.dll
0x00007ff9b2330000 - 0x00007ff9b238e000 	C:\WINDOWS\System32\shlwapi.dll
0x00007ff9b1460000 - 0x00007ff9b1486000 	C:\WINDOWS\SYSTEM32\profapi.dll
0x00007ff99ac50000 - 0x00007ff99ac69000 	C:\Program Files\Java\jdk-17\bin\net.dll
0x00007ff9a9110000 - 0x00007ff9a9247000 	C:\WINDOWS\SYSTEM32\WINHTTP.dll
0x00007ff9b09b0000 - 0x00007ff9b0a19000 	C:\WINDOWS\system32\mswsock.dll
0x00007ff99ac30000 - 0x00007ff99ac46000 	C:\Program Files\Java\jdk-17\bin\nio.dll
0x00007ff99ac70000 - 0x00007ff99ac88000 	C:\Program Files\Java\jdk-17\bin\zip.dll
0x00007ff9b0bf0000 - 0x00007ff9b0c0b000 	C:\WINDOWS\SYSTEM32\CRYPTSP.dll
0x00007ff9b0490000 - 0x00007ff9b04c5000 	C:\WINDOWS\system32\rsaenh.dll
0x00007ff9b0a70000 - 0x00007ff9b0a9c000 	C:\WINDOWS\SYSTEM32\USERENV.dll
0x00007ff9b0e00000 - 0x00007ff9b0e28000 	C:\WINDOWS\SYSTEM32\bcrypt.dll
0x00007ff9b0c10000 - 0x00007ff9b0c1c000 	C:\WINDOWS\SYSTEM32\CRYPTBASE.dll
0x00007ff9affa0000 - 0x00007ff9affcd000 	C:\WINDOWS\SYSTEM32\IPHLPAPI.DLL
0x00007ff9b2d80000 - 0x00007ff9b2d89000 	C:\WINDOWS\System32\NSI.dll
0x00007ff9a9300000 - 0x00007ff9a9319000 	C:\WINDOWS\SYSTEM32\dhcpcsvc6.DLL
0x00007ff9a8cd0000 - 0x00007ff9a8cef000 	C:\WINDOWS\SYSTEM32\dhcpcsvc.DLL
0x00007ff9b0010000 - 0x00007ff9b0109000 	C:\WINDOWS\SYSTEM32\DNSAPI.dll
0x00007ff99ef70000 - 0x00007ff99ef7d000 	C:\Program Files\Java\jdk-17\bin\sunmscapi.dll
0x00007ff9b1da0000 - 0x00007ff9b1f06000 	C:\WINDOWS\System32\CRYPT32.dll
0x00007ff9b0dd0000 - 0x00007ff9b0dfd000 	C:\WINDOWS\SYSTEM32\ncrypt.dll
0x00007ff9b0d90000 - 0x00007ff9b0dc7000 	C:\WINDOWS\SYSTEM32\NTASN1.dll
0x00007ff99c220000 - 0x00007ff99c22a000 	C:\Program Files\Java\jdk-17\bin\management.dll
0x00007ff99bfb0000 - 0x00007ff99bfbb000 	C:\Program Files\Java\jdk-17\bin\management_ext.dll
0x00007ff99f010000 - 0x00007ff99f020000 	C:\Program Files\Java\jdk-17\bin\verify.dll
0x00007ff9998f0000 - 0x00007ff9998fa000 	C:\Windows\System32\rasadhlp.dll
0x00007ff9a84d0000 - 0x00007ff9a8554000 	C:\WINDOWS\System32\fwpuclnt.dll
0x00007ff984760000 - 0x00007ff984768000 	C:\WINDOWS\system32\wshunix.dll

dbghelp: loaded successfully - version: 4.0.5 - missing functions: none
symbol engine: initialized successfully - sym options: 0x614 - pdb path: .;C:\Program Files\Java\jdk-17\bin;C:\WINDOWS\SYSTEM32;C:\WINDOWS\WinSxS\amd64_microsoft.windows.common-controls_6595b64144ccf1df_6.0.22621.2361_none_2712ced57382f843;C:\Program Files\Java\jdk-17\bin\server

VM Arguments:
jvm_args: -Dfile.encoding=UTF-8 -XX:+ShowCodeDetailsInExceptionMessages 
java_command: com.jobneedsolutions.JobneedsolutionsApplication
java_class_path (initial): D:\2023\myLearning\Java\java8 features\jobneedsolutions\jobneedsolutions\target\classes;C:\Users\rohan\.m2\repository\org\springframework\boot\spring-boot-starter-data-jpa\3.1.5\spring-boot-starter-data-jpa-3.1.5.jar;C:\Users\rohan\.m2\repository\org\springframework\boot\spring-boot-starter-aop\3.1.5\spring-boot-starter-aop-3.1.5.jar;C:\Users\rohan\.m2\repository\org\springframework\spring-aop\6.0.13\spring-aop-6.0.13.jar;C:\Users\rohan\.m2\repository\org\aspectj\aspectjweaver\1.9.20\aspectjweaver-1.9.20.jar;C:\Users\rohan\.m2\repository\org\springframework\boot\spring-boot-starter-jdbc\3.1.5\spring-boot-starter-jdbc-3.1.5.jar;C:\Users\rohan\.m2\repository\com\zaxxer\HikariCP\5.0.1\HikariCP-5.0.1.jar;C:\Users\rohan\.m2\repository\org\springframework\spring-jdbc\6.0.13\spring-jdbc-6.0.13.jar;C:\Users\rohan\.m2\repository\org\hibernate\orm\hibernate-core\6.2.13.Final\hibernate-core-6.2.13.Final.jar;C:\Users\rohan\.m2\repository\jakarta\persistence\jakarta.persistence-api\3.1.0\jakarta.persistence-api-3.1.0.jar;C:\Users\rohan\.m2\repository\jakarta\transaction\jakarta.transaction-api\2.0.1\jakarta.transaction-api-2.0.1.jar;C:\Users\rohan\.m2\repository\org\jboss\logging\jboss-logging\3.5.3.Final\jboss-logging-3.5.3.Final.jar;C:\Users\rohan\.m2\repository\org\hibernate\common\hibernate-commons-annotations\6.0.6.Final\hibernate-commons-annotations-6.0.6.Final.jar;C:\Users\rohan\.m2\repository\io\smallrye\jandex\3.0.5\jandex-3.0.5.jar;C:\Users\rohan\.m2\repository\com\fasterxml\classmate\1.5.1\classmate-1.5.1.jar;C:\Users\rohan\.m2\repository\net\bytebuddy\byte-buddy\1.14.9\byte-buddy-1.14.9.jar;C:\Users\rohan\.m2\repository\org\glassfish\jaxb\jaxb-runtime\4.0.3\jaxb-runtime-4.0.3.jar;C:\Users\rohan\.m2\repository\org\glassfish\jaxb\jaxb-core\4.0.3\jaxb-core-4.0.3.jar;C:\Users\rohan\.m2\repository\org\eclipse\angus\angus-activation\2.0.1\angus-activation-2.0.1.jar;C:\Users\rohan\.m2\repository\org\glassfish\jaxb\txw2\4.0.3\txw2-4.0.3.jar;C:\Us
Launcher Type: SUN_STANDARD

[Global flags]
     intx CICompilerCount                          = 4                                         {product} {ergonomic}
     uint ConcGCThreads                            = 3                                         {product} {ergonomic}
     uint G1ConcRefinementThreads                  = 10                                        {product} {ergonomic}
   size_t G1HeapRegionSize                         = 1048576                                   {product} {ergonomic}
    uintx GCDrainStackTargetSize                   = 64                                        {product} {ergonomic}
   size_t InitialHeapSize                          = 123731968                                 {product} {ergonomic}
   size_t MarkStackSize                            = 4194304                                   {product} {ergonomic}
   size_t MaxHeapSize                              = 1973420032                                {product} {ergonomic}
   size_t MaxNewSize                               = 1183842304                                {product} {ergonomic}
   size_t MinHeapDeltaBytes                        = 1048576                                   {product} {ergonomic}
   size_t MinHeapSize                              = 8388608                                   {product} {ergonomic}
    uintx NonNMethodCodeHeapSize                   = 5839372                                {pd product} {ergonomic}
    uintx NonProfiledCodeHeapSize                  = 122909434                              {pd product} {ergonomic}
    uintx ProfiledCodeHeapSize                     = 122909434                              {pd product} {ergonomic}
    uintx ReservedCodeCacheSize                    = 251658240                              {pd product} {ergonomic}
     bool SegmentedCodeCache                       = true                                      {product} {ergonomic}
     bool ShowCodeDetailsInExceptionMessages       = true                                   {manageable} {command line}
   size_t SoftMaxHeapSize                          = 1973420032                             {manageable} {ergonomic}
     bool UseCompressedClassPointers               = true                           {product lp64_product} {ergonomic}
     bool UseCompressedOops                        = true                           {product lp64_product} {ergonomic}
     bool UseG1GC                                  = true                                      {product} {ergonomic}
     bool UseLargePagesIndividualAllocation        = false                                  {pd product} {ergonomic}

Logging:
Log output configuration:
 #0: stdout all=warning uptime,level,tags
 #1: stderr all=off uptime,level,tags

Environment Variables:
PATH=C:/Program Files/Java/jdk-17/bin/server;C:/Program Files/Java/jdk-17/bin;C:\Program Files\Common Files\Oracle\Java\javapath;C:\windows\system32;C:\windows;C:\windows\System32\Wbem;C:\windows\System32\WindowsPowerShell\v1.0\;C:\windows\System32\OpenSSH\;C:\Program Files (x86)\NVIDIA Corporation\PhysX\Common;C:\Program Files\NVIDIA Corporation\NVIDIA NvDLISR;C:\WINDOWS\system32;C:\WINDOWS;C:\WINDOWS\System32\Wbem;C:\WINDOWS\System32\WindowsPowerShell\v1.0\;C:\WINDOWS\System32\OpenSSH\;C:\Program Files\nodejs\;C:\Program Files\Git\cmd;C:\Program Files\MySQL\MySQL Shell 8.0\bin\;C:\Users\rohan\AppData\Local\Microsoft\WindowsApps;C:\Users\rohan\AppData\Roaming\npm;C:\Users\rohan\AppData\Local\Programs\Microsoft VS Code\bin;;C:\Users\rohan\Desktop;
USERNAME=rohan
OS=Windows_NT
PROCESSOR_IDENTIFIER=AMD64 Family 25 Model 80 Stepping 0, AuthenticAMD



---------------  S Y S T E M  ---------------

OS:
 Windows 11 , 64 bit Build 22621 (10.0.22621.2428)
OS uptime: 21 days 7:21 hours
Hyper-V role detected

CPU: total 12 (initial active 12) (12 cores per cpu, 2 threads per core) family 25 model 80 stepping 0 microcode 0x0, cx8, cmov, fxsr, ht, mmx, 3dnowpref, sse, sse2, sse3, ssse3, sse4a, sse4.1, sse4.2, popcnt, lzcnt, tsc, tscinvbit, avx, avx2, aes, erms, clmul, bmi1, bmi2, adx, sha, fma, vzeroupper, clflush, clflushopt, hv

Memory: 4k page, system-wide physical 7521M (284M free)
TotalPageFile size 31073M (AvailPageFile size 186M)
current process WorkingSet (physical memory assigned to process): 62M, peak: 280M
current process commit charge ("private bytes"): 294M, peak: 322M

vm_info: Java HotSpot(TM) 64-Bit Server VM (17.0.6+9-LTS-190) for windows-amd64 JRE (17.0.6+9-LTS-190), built on Dec  6 2022 15:53:54 by "mach5one" with MS VC++ 17.1 (VS2022)

END.
